TN:
SF:src/app.ts
FNF:0
FNH:0
DA:1,1
DA:2,1
DA:3,1
DA:4,1
DA:6,1
DA:8,1
DA:9,1
DA:10,1
DA:11,1
DA:13,1
LF:10
LH:10
BRF:0
BRH:0
end_of_record
TN:
SF:src/controllers/countriesController.ts
FN:4,(anonymous_16)
FN:4,(anonymous_17)
FN:13,(anonymous_18)
FN:13,(anonymous_19)
FN:22,(anonymous_20)
FN:22,(anonymous_21)
FN:31,(anonymous_22)
FN:31,(anonymous_23)
FNF:8
FNH:4
FNDA:3,(anonymous_16)
FNDA:3,(anonymous_17)
FNDA:2,(anonymous_18)
FNDA:2,(anonymous_19)
FNDA:0,(anonymous_20)
FNDA:0,(anonymous_21)
FNDA:0,(anonymous_22)
FNDA:0,(anonymous_23)
DA:2,2
DA:4,3
DA:5,3
DA:6,3
DA:7,2
DA:9,1
DA:13,2
DA:14,2
DA:15,2
DA:16,2
DA:18,0
DA:22,2
DA:23,0
DA:24,0
DA:25,0
DA:27,0
DA:31,2
DA:32,0
DA:33,0
DA:34,0
DA:35,0
DA:37,0
LF:22
LH:12
BRF:0
BRH:0
end_of_record
TN:
SF:src/routes/countries.ts
FNF:0
FNH:0
DA:1,1
DA:2,1
DA:9,1
DA:11,1
DA:12,1
DA:13,1
DA:14,1
DA:16,1
LF:8
LH:8
BRF:0
BRH:0
end_of_record
TN:
SF:src/services/countryService.ts
FN:6,(anonymous_8)
FN:6,(anonymous_9)
FN:11,(anonymous_10)
FN:23,(anonymous_11)
FN:23,(anonymous_12)
FN:32,(anonymous_13)
FN:32,(anonymous_14)
FN:41,(anonymous_15)
FN:41,(anonymous_16)
FN:45,(anonymous_17)
FNF:10
FNH:3
FNDA:2,(anonymous_8)
FNDA:2,(anonymous_9)
FNDA:1,(anonymous_10)
FNDA:0,(anonymous_11)
FNDA:0,(anonymous_12)
FNDA:0,(anonymous_13)
FNDA:0,(anonymous_14)
FNDA:0,(anonymous_15)
FNDA:0,(anonymous_16)
FNDA:0,(anonymous_17)
DA:1,2
DA:2,2
DA:4,2
DA:6,2
DA:7,2
DA:8,2
DA:10,1
DA:11,1
DA:19,1
DA:20,1
DA:23,2
DA:24,0
DA:25,0
DA:27,0
DA:28,0
DA:29,0
DA:32,2
DA:33,0
DA:34,0
DA:36,0
DA:37,0
DA:38,0
DA:41,2
DA:42,0
DA:43,0
DA:45,0
DA:46,0
LF:27
LH:13
BRDA:4,0,0,2
BRDA:4,0,1,2
BRDA:8,1,0,1
BRDA:15,2,0,1
BRDA:15,2,1,1
BRDA:15,3,0,1
BRDA:15,3,1,0
BRDA:15,4,0,1
BRDA:15,4,1,1
BRDA:16,5,0,1
BRDA:16,5,1,0
BRDA:16,6,0,1
BRDA:16,6,1,1
BRDA:17,7,0,1
BRDA:17,7,1,1
BRDA:25,8,0,0
BRDA:34,9,0,0
BRDA:47,10,0,0
BRDA:47,10,1,0
BRDA:47,10,2,0
BRDA:47,10,3,0
BRDA:47,10,4,0
BRDA:47,10,5,0
BRDA:47,10,6,0
BRDA:47,10,7,0
BRF:25
BRH:13
end_of_record
TN:
SF:src/utils/cache.ts
FNF:0
FNH:0
DA:1,3
DA:3,3
DA:5,3
LF:3
LH:3
BRF:0
BRH:0
end_of_record
TN:
SF:src/utils/errorHandler.ts
FN:3,(anonymous_0)
FN:10,(anonymous_1)
FNF:2
FNH:1
FNDA:1,(anonymous_0)
FNDA:0,(anonymous_1)
DA:3,2
DA:4,1
DA:5,1
DA:8,2
DA:11,0
DA:12,0
LF:6
LH:4
BRDA:5,0,0,1
BRDA:5,0,1,1
BRDA:5,1,0,1
BRDA:5,1,1,0
BRDA:10,2,0,0
BRF:5
BRH:3
end_of_record
